Build started 5/1/2014 3:07:48 AM.
     1>Project "C:\Users\Isuru Prabath\Desktop\Auto Traffic\Auto Traffic\Auto Traffic.vcxproj" on node 2 (Build target(s)).
     1>InitializeBuildStatus:
         Creating "x64\Release\Auto Traffic.unsuccessfulbuild" because "AlwaysCreate" was specified.
       GenerateTargetFrameworkMonikerAttribute:
       Skipping target "GenerateTargetFrameworkMonikerAttribute" because all output files are up-to-date with respect to the input files.
       ClCompile:
         C:\Program Files (x86)\Microsoft Visual Studio 11.0\VC\bin\x86_amd64\CL.exe /c /IC:\opencv\build\\include /AI"C:\Program Files (x86)\Reference Assemblies\Microsoft\Framework\.NETFramework\v4.5\\" /AI"C:\Program Files (x86)\Windows Kits\8.0\References\CommonConfiguration\Neutral" /AI"C:\Program Files (x86)\Reference Assemblies\Microsoft\Framework\.NETFramework\v4.5\Facades\\" /Zi /clr /nologo /W3 /WX- /O2 /D WIN32 /D NDEBUG /D _CRT_SECURE_NO_WARNINGS /D _UNICODE /D UNICODE /EHa /MD /GS /fp:precise /Zc:wchar_t /Zc:forScope /Fo"x64\Release\\" /Fd"x64\Release\vc110.pdb" /TP /FU"C:\Program Files (x86)\Reference Assemblies\Microsoft\Framework\.NETFramework\v4.5\mscorlib.dll" /FU"C:\Program Files (x86)\Reference Assemblies\Microsoft\Framework\.NETFramework\v4.5\System.Data.dll" /FU"C:\Program Files (x86)\Reference Assemblies\Microsoft\Framework\.NETFramework\v4.5\System.dll" /FU"C:\Program Files (x86)\Reference Assemblies\Microsoft\Framework\.NETFramework\v4.5\System.Drawing.dll" /FU"C:\Program Files (x86)\Reference Assemblies\Microsoft\Framework\.NETFramework\v4.5\System.Windows.Forms.dll" /FU"C:\Program Files (x86)\Reference Assemblies\Microsoft\Framework\.NETFramework\v4.5\System.Xml.dll" /errorReport:prompt /clr:nostdlib GUI.cpp Pedestrians.cpp Template.cpp VehicleDetect.cpp
         GUI.cpp
     1>c:\users\isuru prabath\desktop\auto traffic\auto traffic\VehicleDetect.cpp(36): warning C4258: 'i' : definition from the for loop is ignored; the definition from the enclosing scope is used
                 c:\users\isuru prabath\desktop\auto traffic\auto traffic\VehicleDetect.cpp(26) : definition of 'i' ignored
                 c:\users\isuru prabath\desktop\auto traffic\auto traffic\VehicleDetect.cpp(10) : definition of 'i' used
     1>c:\users\isuru prabath\desktop\auto traffic\auto traffic\Pedestrians.cpp(30): warning C4101: 'tep' : unreferenced local variable
     1>c:\users\isuru prabath\desktop\auto traffic\auto traffic\GUI.h(2827): warning C4554: '|' : check operator precedence for possible error; use parentheses to clarify precedence
     1>c:\users\isuru prabath\desktop\auto traffic\auto traffic\GUI.h(2105): warning C4101: 'ped' : unreferenced local variable
     1>c:\users\isuru prabath\desktop\auto traffic\auto traffic\GUI.h(2104): warning C4101: 'vehicle' : unreferenced local variable
         Pedestrians.cpp
     1>Pedestrians.cpp(30): warning C4101: 'tep' : unreferenced local variable
         Template.cpp
         VehicleDetect.cpp
     1>VehicleDetect.cpp(36): warning C4258: 'i' : definition from the for loop is ignored; the definition from the enclosing scope is used
                 VehicleDetect.cpp(26) : definition of 'i' ignored
                 VehicleDetect.cpp(10) : definition of 'i' used
         Generating Code...
     1>c:\users\isuru prabath\desktop\auto traffic\auto traffic\gui.h(3034): warning C4715: 'AutoTraffic::GUI::findLarge' : not all control paths return a value
         All outputs are up-to-date.
       CoreResGen:
         "C:\Program Files (x86)\Microsoft SDKs\Windows\v8.0A\bin\NETFX 4.0 Tools\resgen.exe" /useSourcePath /r:"C:\Program Files (x86)\Reference Assemblies\Microsoft\Framework\.NETFramework\v4.5\mscorlib.dll" /r:"C:\Program Files (x86)\Reference Assemblies\Microsoft\Framework\.NETFramework\v4.5\System.Data.dll" /r:"C:\Program Files (x86)\Reference Assemblies\Microsoft\Framework\.NETFramework\v4.5\System.dll" /r:"C:\Program Files (x86)\Reference Assemblies\Microsoft\Framework\.NETFramework\v4.5\System.Drawing.dll" /r:"C:\Program Files (x86)\Reference Assemblies\Microsoft\Framework\.NETFramework\v4.5\System.Windows.Forms.dll" /r:"C:\Program Files (x86)\Reference Assemblies\Microsoft\Framework\.NETFramework\v4.5\System.Xml.dll" /compile GUI.resx,x64\Release\AutoTraffic.GUI.resources
         Processing resource file "GUI.resx" into "x64\Release\AutoTraffic.GUI.resources".
       Link:
         C:\Program Files (x86)\Microsoft Visual Studio 11.0\VC\bin\x86_amd64\link.exe /ERRORREPORT:PROMPT /OUT:"C:\Users\Isuru Prabath\Desktop\Auto Traffic\x64\Release\Auto Traffic.exe" /INCREMENTAL:NO /NOLOGO /LIBPATH:C:\opencv\build\\x64\vc11\lib opencv_calib3d247.lib opencv_contrib247.lib opencv_core247.lib opencv_features2d247.lib opencv_flann247.lib opencv_gpu247.lib opencv_highgui247.lib opencv_imgproc247.lib opencv_legacy247.lib opencv_ml247.lib opencv_nonfree247.lib opencv_objdetect247.lib opencv_ocl247.lib opencv_photo247.lib opencv_stitching247.lib opencv_superres247.lib opencv_ts247.lib opencv_video247.lib opencv_videostab247.lib kernel32.lib user32.lib gdi32.lib winspool.lib comdlg32.lib advapi32.lib shell32.lib ole32.lib oleaut32.lib uuid.lib odbc32.lib odbccp32.lib /ASSEMBLYRESOURCE:x64\Release\AutoTraffic.GUI.resources /MANIFEST /MANIFESTUAC:"level='asInvoker' uiAccess='false'" /manifest:embed /DEBUG /PDB:"C:\Users\Isuru Prabath\Desktop\Auto Traffic\x64\Release\Auto Traffic.pdb" /SUBSYSTEM:WINDOWS /TLBID:1 /ENTRY:"main" /DYNAMICBASE /FIXED:NO /NXCOMPAT /MACHINE:X64 x64\Release\GUI.obj
         x64\Release\Pedestrians.obj
         x64\Release\Template.obj
         x64\Release\VehicleDetect.obj
         "x64\Release\.NETFramework,Version=v4.5.AssemblyAttributes.obj"
     1>GUI.obj : warning LNK4248: unresolved typeref token (01000030) for 'CvCapture'; image may not run
     1>opencv_ts247.lib(opencv_ts_pch.obj) : warning LNK4099: PDB 'opencv_ts247.pdb' was not found with 'opencv_ts247.lib(opencv_ts_pch.obj)' or at 'C:\Users\Isuru Prabath\Desktop\Auto Traffic\x64\Release\opencv_ts247.pdb'; linking object as if no debug info
         Auto Traffic.vcxproj -> C:\Users\Isuru Prabath\Desktop\Auto Traffic\x64\Release\Auto Traffic.exe
       FinalizeBuildStatus:
         Deleting file "x64\Release\Auto Traffic.unsuccessfulbuild".
         Touching "x64\Release\Auto Traffic.lastbuildstate".
     1>Done Building Project "C:\Users\Isuru Prabath\Desktop\Auto Traffic\Auto Traffic\Auto Traffic.vcxproj" (Build target(s)).

Build succeeded.

Time Elapsed 00:03:22.76
