Build started 5/26/2014 8:55:35 AM.
     1>Project "C:\Users\Isuru Prabath\Desktop\Auto Traffic\Auto Traffic\Auto Traffic.vcxproj" on node 2 (Build target(s)).
     1>InitializeBuildStatus:
         Creating "x64\Debug\Auto Traffic.unsuccessfulbuild" because "AlwaysCreate" was specified.
       GenerateTargetFrameworkMonikerAttribute:
       Skipping target "GenerateTargetFrameworkMonikerAttribute" because all output files are up-to-date with respect to the input files.
       ClCompile:
         C:\Program Files (x86)\Microsoft Visual Studio 11.0\VC\bin\x86_amd64\CL.exe /c /IC:\opencv\build\\include /AI"C:\Program Files (x86)\Reference Assemblies\Microsoft\Framework\.NETFramework\v4.5\\" /AI"C:\Program Files (x86)\Windows Kits\8.0\References\CommonConfiguration\Neutral" /AI"C:\Program Files (x86)\Reference Assemblies\Microsoft\Framework\.NETFramework\v4.5\Facades\\" /Zi /clr /nologo /W3 /WX- /Od /D WIN32 /D _DEBUG /D _CRT_SECURE_NO_WARNINGS /D _UNICODE /D UNICODE /EHa /MDd /GS /fp:precise /Zc:wchar_t /Zc:forScope /Fo"x64\Debug\\" /Fd"x64\Debug\vc110.pdb" /TP /FU"C:\Program Files (x86)\Reference Assemblies\Microsoft\Framework\.NETFramework\v4.5\mscorlib.dll" /FU"C:\Program Files (x86)\Reference Assemblies\Microsoft\Framework\.NETFramework\v4.5\System.Data.dll" /FU"C:\Program Files (x86)\Reference Assemblies\Microsoft\Framework\.NETFramework\v4.5\System.dll" /FU"C:\Program Files (x86)\Reference Assemblies\Microsoft\Framework\.NETFramework\v4.5\System.Drawing.dll" /FU"C:\Program Files (x86)\Reference Assemblies\Microsoft\Framework\.NETFramework\v4.5\System.Windows.Forms.dll" /FU"C:\Program Files (x86)\Reference Assemblies\Microsoft\Framework\.NETFramework\v4.5\System.Xml.dll" /errorReport:prompt /clr:nostdlib GUI.cpp
         GUI.cpp
     1>c:\users\isuru prabath\desktop\auto traffic\auto traffic\VehicleDetect.cpp(36): warning C4258: 'i' : definition from the for loop is ignored; the definition from the enclosing scope is used
                 c:\users\isuru prabath\desktop\auto traffic\auto traffic\VehicleDetect.cpp(26) : definition of 'i' ignored
                 c:\users\isuru prabath\desktop\auto traffic\auto traffic\VehicleDetect.cpp(10) : definition of 'i' used
     1>c:\users\isuru prabath\desktop\auto traffic\auto traffic\MotionDetect.cpp(162): warning C4554: '&' : check operator precedence for possible error; use parentheses to clarify precedence
     1>c:\users\isuru prabath\desktop\auto traffic\auto traffic\MotionDetect.cpp(19): warning C4101: 'y' : unreferenced local variable
     1>c:\users\isuru prabath\desktop\auto traffic\auto traffic\MotionDetect.cpp(19): warning C4101: 'x' : unreferenced local variable
     1>c:\users\isuru prabath\desktop\auto traffic\auto traffic\MotionDetect.cpp(19): warning C4101: 'xlenght' : unreferenced local variable
     1>c:\users\isuru prabath\desktop\auto traffic\auto traffic\MotionDetect.cpp(19): warning C4101: 'ylenght' : unreferenced local variable
     1>c:\users\isuru prabath\desktop\auto traffic\auto traffic\MotionDetect.cpp(20): warning C4101: 'result' : unreferenced local variable
     1>c:\users\isuru prabath\desktop\auto traffic\auto traffic\GUI.h(3065): warning C4554: '|' : check operator precedence for possible error; use parentheses to clarify precedence
     1>c:\users\isuru prabath\desktop\auto traffic\auto traffic\GUI.h(2156): warning C4101: 'vehicle' : unreferenced local variable
     1>c:\users\isuru prabath\desktop\auto traffic\auto traffic\GUI.h(2228): warning C4101: 'ped' : unreferenced local variable
     1>c:\users\isuru prabath\desktop\auto traffic\auto traffic\GUI.h(2376): warning C4101: 'mot' : unreferenced local variable
     1>c:\users\isuru prabath\desktop\auto traffic\auto traffic\GUI.h(2616): warning C4101: 'mot' : unreferenced local variable
     1>c:\users\isuru prabath\desktop\auto traffic\auto traffic\GUI.h(2903): warning C4101: 'mot' : unreferenced local variable
     1>c:\users\isuru prabath\desktop\auto traffic\auto traffic\GUI.h(3216): warning C4101: 'mot' : unreferenced local variable
     1>c:\users\isuru prabath\desktop\auto traffic\auto traffic\gui.h(3302): warning C4715: 'AutoTraffic::GUI::findLarge' : not all control paths return a value
     1>c:\opencv\build\include\opencv2\core\types_c.h(311): warning C4793: 'cvRound' : function compiled as native :
         	Found an intrinsic not supported in managed code
     1>c:\opencv\build\include\opencv2\core\types_c.h(311): warning C4793: 'cvRound' : function compiled as native :
         	Aligned data types not supported in managed code
     1>c:\opencv\build\include\opencv2\core\types_c.h(312): warning C4793: 'cvRound' : function compiled as native :
         	Found an intrinsic not supported in managed code
     1>c:\opencv\build\include\opencv2\core\types_c.h(312): warning C4793: 'cvRound' : function compiled as native :
         	Aligned data types not supported in managed code
     1>c:\opencv\build\include\opencv2\core\types_c.h(337): warning C4793: 'cvRound' : function compiled as native :
         	Aligned data types not supported in managed code
         All outputs are up-to-date.
       CoreResGen:
         "C:\Program Files (x86)\Microsoft SDKs\Windows\v8.0A\bin\NETFX 4.0 Tools\resgen.exe" /useSourcePath /r:"C:\Program Files (x86)\Reference Assemblies\Microsoft\Framework\.NETFramework\v4.5\mscorlib.dll" /r:"C:\Program Files (x86)\Reference Assemblies\Microsoft\Framework\.NETFramework\v4.5\System.Data.dll" /r:"C:\Program Files (x86)\Reference Assemblies\Microsoft\Framework\.NETFramework\v4.5\System.dll" /r:"C:\Program Files (x86)\Reference Assemblies\Microsoft\Framework\.NETFramework\v4.5\System.Drawing.dll" /r:"C:\Program Files (x86)\Reference Assemblies\Microsoft\Framework\.NETFramework\v4.5\System.Windows.Forms.dll" /r:"C:\Program Files (x86)\Reference Assemblies\Microsoft\Framework\.NETFramework\v4.5\System.Xml.dll" /compile GUI.resx,x64\Debug\AutoTraffic.GUI.resources
         Processing resource file "GUI.resx" into "x64\Debug\AutoTraffic.GUI.resources".
       Link:
         C:\Program Files (x86)\Microsoft Visual Studio 11.0\VC\bin\x86_amd64\link.exe /ERRORREPORT:PROMPT /OUT:"C:\Users\Isuru Prabath\Desktop\Auto Traffic\x64\Debug\Auto Traffic.exe" /INCREMENTAL /NOLOGO /LIBPATH:C:\opencv\build\\x64\vc11\lib opencv_calib3d247d.lib opencv_contrib247d.lib opencv_core247d.lib opencv_features2d247d.lib opencv_flann247d.lib opencv_gpu247d.lib opencv_highgui247d.lib opencv_imgproc247d.lib opencv_legacy247d.lib opencv_ml247d.lib opencv_nonfree247d.lib opencv_objdetect247d.lib opencv_ocl247d.lib opencv_photo247d.lib opencv_stitching247d.lib opencv_superres247d.lib opencv_ts247d.lib opencv_video247d.lib opencv_videostab247d.lib kernel32.lib user32.lib gdi32.lib winspool.lib comdlg32.lib advapi32.lib shell32.lib ole32.lib oleaut32.lib uuid.lib odbc32.lib odbccp32.lib /ASSEMBLYRESOURCE:x64\Debug\AutoTraffic.GUI.resources /MANIFEST /MANIFESTUAC:"level='asInvoker' uiAccess='false'" /manifest:embed /DEBUG /PDB:"C:\Users\Isuru Prabath\Desktop\Auto Traffic\x64\Debug\Auto Traffic.pdb" /ASSEMBLYDEBUG /SUBSYSTEM:WINDOWS /TLBID:1 /ENTRY:"main" /DYNAMICBASE /FIXED:NO /NXCOMPAT /MACHINE:X64 x64\Debug\GUI.obj
         x64\Debug\MotionDetect.obj
         x64\Debug\Pedestrians.obj
         x64\Debug\Template.obj
         x64\Debug\VehicleDetect.obj
         "x64\Debug\.NETFramework,Version=v4.5.AssemblyAttributes.obj"
     1>GUI.obj : warning LNK4248: unresolved typeref token (01000032) for 'CvCapture'; image may not run
     1>opencv_ts247d.lib(opencv_ts_pch.obj) : warning LNK4099: PDB 'opencv_ts247d.pdb' was not found with 'opencv_ts247d.lib(opencv_ts_pch.obj)' or at 'C:\Users\Isuru Prabath\Desktop\Auto Traffic\x64\Debug\opencv_ts247d.pdb'; linking object as if no debug info
         Auto Traffic.vcxproj -> C:\Users\Isuru Prabath\Desktop\Auto Traffic\x64\Debug\Auto Traffic.exe
       FinalizeBuildStatus:
         Deleting file "x64\Debug\Auto Traffic.unsuccessfulbuild".
         Touching "x64\Debug\Auto Traffic.lastbuildstate".
     1>Done Building Project "C:\Users\Isuru Prabath\Desktop\Auto Traffic\Auto Traffic\Auto Traffic.vcxproj" (Build target(s)).

Build succeeded.

Time Elapsed 00:00:06.39
