C:\Users\Isuru Prabath\Desktop\Auto Traffic\Auto Traffic\x64\Debug\AutoTraffic.GUI.resources
C:\USERS\ISURU PRABATH\DESKTOP\AUTO TRAFFIC\AUTO TRAFFIC\X64\DEBUG\TEMPLATE.OBJ
C:\USERS\ISURU PRABATH\DESKTOP\AUTO TRAFFIC\AUTO TRAFFIC\X64\DEBUG\PEDESTRIANS.OBJ
C:\USERS\ISURU PRABATH\DESKTOP\AUTO TRAFFIC\AUTO TRAFFIC\X64\DEBUG\GUI.OBJ
C:\USERS\ISURU PRABATH\DESKTOP\AUTO TRAFFIC\AUTO TRAFFIC\X64\DEBUG\MOTIONDETECT.OBJ
C:\USERS\ISURU PRABATH\DESKTOP\AUTO TRAFFIC\AUTO TRAFFIC\X64\DEBUG\VC110.PDB
C:\USERS\ISURU PRABATH\DESKTOP\AUTO TRAFFIC\AUTO TRAFFIC\X64\DEBUG\.NETFRAMEWORK,VERSION=V4.5.ASSEMBLYATTRIBUTES.OBJ
C:\USERS\ISURU PRABATH\DESKTOP\AUTO TRAFFIC\AUTO TRAFFIC\X64\DEBUG\VEHICLEDETECT.OBJ
C:\USERS\ISURU PRABATH\DESKTOP\AUTO TRAFFIC\X64\DEBUG\AUTO TRAFFIC.ILK
C:\USERS\ISURU PRABATH\DESKTOP\AUTO TRAFFIC\X64\DEBUG\AUTO TRAFFIC.EXE
C:\USERS\ISURU PRABATH\DESKTOP\AUTO TRAFFIC\X64\DEBUG\AUTO TRAFFIC.PDB
C:\Users\Isuru Prabath\Desktop\Auto Traffic\Auto Traffic\x64\Debug\Auto Traffic.vcxproj.GenerateResource.Cache
C:\Users\Isuru Prabath\Desktop\Auto Traffic\Auto Traffic\x64\Debug\Auto Traffic.vcxprojResolveAssemblyReference.cache
C:\Users\Isuru Prabath\Desktop\Auto Traffic\Auto Traffic\x64\Debug\.NETFramework,Version=v4.5.AssemblyAttributes.obj
C:\Users\Isuru Prabath\Desktop\Auto Traffic\Auto Traffic\x64\Debug\GUI.obj
C:\Users\Isuru Prabath\Desktop\Auto Traffic\Auto Traffic\x64\Debug\MotionDetect.obj
C:\Users\Isuru Prabath\Desktop\Auto Traffic\Auto Traffic\x64\Debug\Pedestrians.obj
C:\Users\Isuru Prabath\Desktop\Auto Traffic\Auto Traffic\x64\Debug\Template.obj
C:\Users\Isuru Prabath\Desktop\Auto Traffic\Auto Traffic\x64\Debug\VehicleDetect.obj
C:\Users\Isuru Prabath\Desktop\Auto Traffic\Auto Traffic\x64\Debug\Auto Traffic.write.1.tlog
C:\Users\Isuru Prabath\Desktop\Auto Traffic\Auto Traffic\x64\Debug\cl.command.1.tlog
C:\Users\Isuru Prabath\Desktop\Auto Traffic\Auto Traffic\x64\Debug\CL.read.1.tlog
C:\Users\Isuru Prabath\Desktop\Auto Traffic\Auto Traffic\x64\Debug\CL.write.1.tlog
C:\Users\Isuru Prabath\Desktop\Auto Traffic\Auto Traffic\x64\Debug\link.1012-cvtres.read.1.tlog
C:\Users\Isuru Prabath\Desktop\Auto Traffic\Auto Traffic\x64\Debug\link.1012-cvtres.write.1.tlog
C:\Users\Isuru Prabath\Desktop\Auto Traffic\Auto Traffic\x64\Debug\link.1012-rc.read.1.tlog
C:\Users\Isuru Prabath\Desktop\Auto Traffic\Auto Traffic\x64\Debug\link.1012-rc.write.1.tlog
C:\Users\Isuru Prabath\Desktop\Auto Traffic\Auto Traffic\x64\Debug\link.1012.read.1.tlog
C:\Users\Isuru Prabath\Desktop\Auto Traffic\Auto Traffic\x64\Debug\link.1012.write.1.tlog
C:\Users\Isuru Prabath\Desktop\Auto Traffic\Auto Traffic\x64\Debug\link.1108-cvtres.read.1.tlog
C:\Users\Isuru Prabath\Desktop\Auto Traffic\Auto Traffic\x64\Debug\link.1108-cvtres.write.1.tlog
C:\Users\Isuru Prabath\Desktop\Auto Traffic\Auto Traffic\x64\Debug\link.1108-rc.read.1.tlog
C:\Users\Isuru Prabath\Desktop\Auto Traffic\Auto Traffic\x64\Debug\link.1108-rc.write.1.tlog
C:\Users\Isuru Prabath\Desktop\Auto Traffic\Auto Traffic\x64\Debug\link.1108.read.1.tlog
C:\Users\Isuru Prabath\Desktop\Auto Traffic\Auto Traffic\x64\Debug\link.1108.write.1.tlog
C:\Users\Isuru Prabath\Desktop\Auto Traffic\Auto Traffic\x64\Debug\link.1128-cvtres.read.1.tlog
C:\Users\Isuru Prabath\Desktop\Auto Traffic\Auto Traffic\x64\Debug\link.1128-cvtres.write.1.tlog
C:\Users\Isuru Prabath\Desktop\Auto Traffic\Auto Traffic\x64\Debug\link.1128-rc.read.1.tlog
C:\Users\Isuru Prabath\Desktop\Auto Traffic\Auto Traffic\x64\Debug\link.1128-rc.write.1.tlog
C:\Users\Isuru Prabath\Desktop\Auto Traffic\Auto Traffic\x64\Debug\link.1128.read.1.tlog
C:\Users\Isuru Prabath\Desktop\Auto Traffic\Auto Traffic\x64\Debug\link.1128.write.1.tlog
C:\Users\Isuru Prabath\Desktop\Auto Traffic\Auto Traffic\x64\Debug\link.1140-cvtres.read.1.tlog
C:\Users\Isuru Prabath\Desktop\Auto Traffic\Auto Traffic\x64\Debug\link.1140-cvtres.write.1.tlog
C:\Users\Isuru Prabath\Desktop\Auto Traffic\Auto Traffic\x64\Debug\link.1140-rc.read.1.tlog
C:\Users\Isuru Prabath\Desktop\Auto Traffic\Auto Traffic\x64\Debug\link.1140-rc.write.1.tlog
C:\Users\Isuru Prabath\Desktop\Auto Traffic\Auto Traffic\x64\Debug\link.1140.read.1.tlog
C:\Users\Isuru Prabath\Desktop\Auto Traffic\Auto Traffic\x64\Debug\link.1140.write.1.tlog
C:\Users\Isuru Prabath\Desktop\Auto Traffic\Auto Traffic\x64\Debug\link.1204-cvtres.read.1.tlog
C:\Users\Isuru Prabath\Desktop\Auto Traffic\Auto Traffic\x64\Debug\link.1204-cvtres.write.1.tlog
C:\Users\Isuru Prabath\Desktop\Auto Traffic\Auto Traffic\x64\Debug\link.1204-rc.read.1.tlog
C:\Users\Isuru Prabath\Desktop\Auto Traffic\Auto Traffic\x64\Debug\link.1204-rc.write.1.tlog
C:\Users\Isuru Prabath\Desktop\Auto Traffic\Auto Traffic\x64\Debug\link.1204.read.1.tlog
C:\Users\Isuru Prabath\Desktop\Auto Traffic\Auto Traffic\x64\Debug\link.1204.write.1.tlog
C:\Users\Isuru Prabath\Desktop\Auto Traffic\Auto Traffic\x64\Debug\link.1292-cvtres.read.1.tlog
C:\Users\Isuru Prabath\Desktop\Auto Traffic\Auto Traffic\x64\Debug\link.1292-cvtres.write.1.tlog
C:\Users\Isuru Prabath\Desktop\Auto Traffic\Auto Traffic\x64\Debug\link.1292-rc.read.1.tlog
C:\Users\Isuru Prabath\Desktop\Auto Traffic\Auto Traffic\x64\Debug\link.1292-rc.write.1.tlog
C:\Users\Isuru Prabath\Desktop\Auto Traffic\Auto Traffic\x64\Debug\link.1292.read.1.tlog
C:\Users\Isuru Prabath\Desktop\Auto Traffic\Auto Traffic\x64\Debug\link.1292.write.1.tlog
C:\Users\Isuru Prabath\Desktop\Auto Traffic\Auto Traffic\x64\Debug\link.1508-cvtres.read.1.tlog
C:\Users\Isuru Prabath\Desktop\Auto Traffic\Auto Traffic\x64\Debug\link.1508-cvtres.write.1.tlog
C:\Users\Isuru Prabath\Desktop\Auto Traffic\Auto Traffic\x64\Debug\link.1508-rc.read.1.tlog
C:\Users\Isuru Prabath\Desktop\Auto Traffic\Auto Traffic\x64\Debug\link.1508-rc.write.1.tlog
C:\Users\Isuru Prabath\Desktop\Auto Traffic\Auto Traffic\x64\Debug\link.1508.read.1.tlog
C:\Users\Isuru Prabath\Desktop\Auto Traffic\Auto Traffic\x64\Debug\link.1508.write.1.tlog
C:\Users\Isuru Prabath\Desktop\Auto Traffic\Auto Traffic\x64\Debug\link.1584-cvtres.read.1.tlog
C:\Users\Isuru Prabath\Desktop\Auto Traffic\Auto Traffic\x64\Debug\link.1584-cvtres.write.1.tlog
C:\Users\Isuru Prabath\Desktop\Auto Traffic\Auto Traffic\x64\Debug\link.1584-rc.read.1.tlog
C:\Users\Isuru Prabath\Desktop\Auto Traffic\Auto Traffic\x64\Debug\link.1584-rc.write.1.tlog
C:\Users\Isuru Prabath\Desktop\Auto Traffic\Auto Traffic\x64\Debug\link.1584.read.1.tlog
C:\Users\Isuru Prabath\Desktop\Auto Traffic\Auto Traffic\x64\Debug\link.1584.write.1.tlog
C:\Users\Isuru Prabath\Desktop\Auto Traffic\Auto Traffic\x64\Debug\link.1700-cvtres.read.1.tlog
C:\Users\Isuru Prabath\Desktop\Auto Traffic\Auto Traffic\x64\Debug\link.1700-cvtres.write.1.tlog
C:\Users\Isuru Prabath\Desktop\Auto Traffic\Auto Traffic\x64\Debug\link.1700-rc.read.1.tlog
C:\Users\Isuru Prabath\Desktop\Auto Traffic\Auto Traffic\x64\Debug\link.1700-rc.write.1.tlog
C:\Users\Isuru Prabath\Desktop\Auto Traffic\Auto Traffic\x64\Debug\link.1700.read.1.tlog
C:\Users\Isuru Prabath\Desktop\Auto Traffic\Auto Traffic\x64\Debug\link.1700.write.1.tlog
C:\Users\Isuru Prabath\Desktop\Auto Traffic\Auto Traffic\x64\Debug\link.1952-cvtres.read.1.tlog
C:\Users\Isuru Prabath\Desktop\Auto Traffic\Auto Traffic\x64\Debug\link.1952-cvtres.write.1.tlog
C:\Users\Isuru Prabath\Desktop\Auto Traffic\Auto Traffic\x64\Debug\link.1952-rc.read.1.tlog
C:\Users\Isuru Prabath\Desktop\Auto Traffic\Auto Traffic\x64\Debug\link.1952-rc.write.1.tlog
C:\Users\Isuru Prabath\Desktop\Auto Traffic\Auto Traffic\x64\Debug\link.1952.read.1.tlog
C:\Users\Isuru Prabath\Desktop\Auto Traffic\Auto Traffic\x64\Debug\link.1952.write.1.tlog
C:\Users\Isuru Prabath\Desktop\Auto Traffic\Auto Traffic\x64\Debug\link.2104-cvtres.read.1.tlog
C:\Users\Isuru Prabath\Desktop\Auto Traffic\Auto Traffic\x64\Debug\link.2104-cvtres.write.1.tlog
C:\Users\Isuru Prabath\Desktop\Auto Traffic\Auto Traffic\x64\Debug\link.2104-rc.read.1.tlog
C:\Users\Isuru Prabath\Desktop\Auto Traffic\Auto Traffic\x64\Debug\link.2104-rc.write.1.tlog
C:\Users\Isuru Prabath\Desktop\Auto Traffic\Auto Traffic\x64\Debug\link.2104.read.1.tlog
C:\Users\Isuru Prabath\Desktop\Auto Traffic\Auto Traffic\x64\Debug\link.2104.write.1.tlog
C:\Users\Isuru Prabath\Desktop\Auto Traffic\Auto Traffic\x64\Debug\link.212-cvtres.read.1.tlog
C:\Users\Isuru Prabath\Desktop\Auto Traffic\Auto Traffic\x64\Debug\link.212-cvtres.write.1.tlog
C:\Users\Isuru Prabath\Desktop\Auto Traffic\Auto Traffic\x64\Debug\link.212-rc.read.1.tlog
C:\Users\Isuru Prabath\Desktop\Auto Traffic\Auto Traffic\x64\Debug\link.212-rc.write.1.tlog
C:\Users\Isuru Prabath\Desktop\Auto Traffic\Auto Traffic\x64\Debug\link.212.read.1.tlog
C:\Users\Isuru Prabath\Desktop\Auto Traffic\Auto Traffic\x64\Debug\link.212.write.1.tlog
C:\Users\Isuru Prabath\Desktop\Auto Traffic\Auto Traffic\x64\Debug\link.2128-cvtres.read.1.tlog
C:\Users\Isuru Prabath\Desktop\Auto Traffic\Auto Traffic\x64\Debug\link.2128-cvtres.write.1.tlog
C:\Users\Isuru Prabath\Desktop\Auto Traffic\Auto Traffic\x64\Debug\link.2128-rc.read.1.tlog
C:\Users\Isuru Prabath\Desktop\Auto Traffic\Auto Traffic\x64\Debug\link.2128-rc.write.1.tlog
C:\Users\Isuru Prabath\Desktop\Auto Traffic\Auto Traffic\x64\Debug\link.2128.read.1.tlog
C:\Users\Isuru Prabath\Desktop\Auto Traffic\Auto Traffic\x64\Debug\link.2128.write.1.tlog
C:\Users\Isuru Prabath\Desktop\Auto Traffic\Auto Traffic\x64\Debug\link.2480-cvtres.read.1.tlog
C:\Users\Isuru Prabath\Desktop\Auto Traffic\Auto Traffic\x64\Debug\link.2480-cvtres.write.1.tlog
C:\Users\Isuru Prabath\Desktop\Auto Traffic\Auto Traffic\x64\Debug\link.2480-rc.read.1.tlog
C:\Users\Isuru Prabath\Desktop\Auto Traffic\Auto Traffic\x64\Debug\link.2480-rc.write.1.tlog
C:\Users\Isuru Prabath\Desktop\Auto Traffic\Auto Traffic\x64\Debug\link.2480.read.1.tlog
C:\Users\Isuru Prabath\Desktop\Auto Traffic\Auto Traffic\x64\Debug\link.2480.write.1.tlog
C:\Users\Isuru Prabath\Desktop\Auto Traffic\Auto Traffic\x64\Debug\link.2632-cvtres.read.1.tlog
C:\Users\Isuru Prabath\Desktop\Auto Traffic\Auto Traffic\x64\Debug\link.2632-cvtres.write.1.tlog
C:\Users\Isuru Prabath\Desktop\Auto Traffic\Auto Traffic\x64\Debug\link.2632-rc.read.1.tlog
C:\Users\Isuru Prabath\Desktop\Auto Traffic\Auto Traffic\x64\Debug\link.2632-rc.write.1.tlog
C:\Users\Isuru Prabath\Desktop\Auto Traffic\Auto Traffic\x64\Debug\link.2632.read.1.tlog
C:\Users\Isuru Prabath\Desktop\Auto Traffic\Auto Traffic\x64\Debug\link.2632.write.1.tlog
C:\Users\Isuru Prabath\Desktop\Auto Traffic\Auto Traffic\x64\Debug\link.2648-cvtres.read.1.tlog
C:\Users\Isuru Prabath\Desktop\Auto Traffic\Auto Traffic\x64\Debug\link.2648-cvtres.write.1.tlog
C:\Users\Isuru Prabath\Desktop\Auto Traffic\Auto Traffic\x64\Debug\link.2648-rc.read.1.tlog
C:\Users\Isuru Prabath\Desktop\Auto Traffic\Auto Traffic\x64\Debug\link.2648-rc.write.1.tlog
C:\Users\Isuru Prabath\Desktop\Auto Traffic\Auto Traffic\x64\Debug\link.2648.read.1.tlog
C:\Users\Isuru Prabath\Desktop\Auto Traffic\Auto Traffic\x64\Debug\link.2648.write.1.tlog
C:\Users\Isuru Prabath\Desktop\Auto Traffic\Auto Traffic\x64\Debug\link.2956-cvtres.read.1.tlog
C:\Users\Isuru Prabath\Desktop\Auto Traffic\Auto Traffic\x64\Debug\link.2956-cvtres.write.1.tlog
C:\Users\Isuru Prabath\Desktop\Auto Traffic\Auto Traffic\x64\Debug\link.2956-rc.read.1.tlog
C:\Users\Isuru Prabath\Desktop\Auto Traffic\Auto Traffic\x64\Debug\link.2956-rc.write.1.tlog
C:\Users\Isuru Prabath\Desktop\Auto Traffic\Auto Traffic\x64\Debug\link.2956.read.1.tlog
C:\Users\Isuru Prabath\Desktop\Auto Traffic\Auto Traffic\x64\Debug\link.2956.write.1.tlog
C:\Users\Isuru Prabath\Desktop\Auto Traffic\Auto Traffic\x64\Debug\link.2964-cvtres.read.1.tlog
C:\Users\Isuru Prabath\Desktop\Auto Traffic\Auto Traffic\x64\Debug\link.2964-cvtres.write.1.tlog
C:\Users\Isuru Prabath\Desktop\Auto Traffic\Auto Traffic\x64\Debug\link.2964-rc.read.1.tlog
C:\Users\Isuru Prabath\Desktop\Auto Traffic\Auto Traffic\x64\Debug\link.2964-rc.write.1.tlog
C:\Users\Isuru Prabath\Desktop\Auto Traffic\Auto Traffic\x64\Debug\link.2964.read.1.tlog
C:\Users\Isuru Prabath\Desktop\Auto Traffic\Auto Traffic\x64\Debug\link.2964.write.1.tlog
C:\Users\Isuru Prabath\Desktop\Auto Traffic\Auto Traffic\x64\Debug\link.3040-cvtres.read.1.tlog
C:\Users\Isuru Prabath\Desktop\Auto Traffic\Auto Traffic\x64\Debug\link.3040-cvtres.write.1.tlog
C:\Users\Isuru Prabath\Desktop\Auto Traffic\Auto Traffic\x64\Debug\link.3040-rc.read.1.tlog
C:\Users\Isuru Prabath\Desktop\Auto Traffic\Auto Traffic\x64\Debug\link.3040-rc.write.1.tlog
C:\Users\Isuru Prabath\Desktop\Auto Traffic\Auto Traffic\x64\Debug\link.3040.read.1.tlog
C:\Users\Isuru Prabath\Desktop\Auto Traffic\Auto Traffic\x64\Debug\link.3040.write.1.tlog
C:\Users\Isuru Prabath\Desktop\Auto Traffic\Auto Traffic\x64\Debug\link.3604-cvtres.read.1.tlog
C:\Users\Isuru Prabath\Desktop\Auto Traffic\Auto Traffic\x64\Debug\link.3604-cvtres.write.1.tlog
C:\Users\Isuru Prabath\Desktop\Auto Traffic\Auto Traffic\x64\Debug\link.3604-rc.read.1.tlog
C:\Users\Isuru Prabath\Desktop\Auto Traffic\Auto Traffic\x64\Debug\link.3604-rc.write.1.tlog
C:\Users\Isuru Prabath\Desktop\Auto Traffic\Auto Traffic\x64\Debug\link.3604.read.1.tlog
C:\Users\Isuru Prabath\Desktop\Auto Traffic\Auto Traffic\x64\Debug\link.3604.write.1.tlog
C:\Users\Isuru Prabath\Desktop\Auto Traffic\Auto Traffic\x64\Debug\link.3700-cvtres.read.1.tlog
C:\Users\Isuru Prabath\Desktop\Auto Traffic\Auto Traffic\x64\Debug\link.3700-cvtres.write.1.tlog
C:\Users\Isuru Prabath\Desktop\Auto Traffic\Auto Traffic\x64\Debug\link.3700-rc.read.1.tlog
C:\Users\Isuru Prabath\Desktop\Auto Traffic\Auto Traffic\x64\Debug\link.3700-rc.write.1.tlog
C:\Users\Isuru Prabath\Desktop\Auto Traffic\Auto Traffic\x64\Debug\link.3700.read.1.tlog
C:\Users\Isuru Prabath\Desktop\Auto Traffic\Auto Traffic\x64\Debug\link.3700.write.1.tlog
C:\Users\Isuru Prabath\Desktop\Auto Traffic\Auto Traffic\x64\Debug\link.3724-cvtres.read.1.tlog
C:\Users\Isuru Prabath\Desktop\Auto Traffic\Auto Traffic\x64\Debug\link.3724-cvtres.write.1.tlog
C:\Users\Isuru Prabath\Desktop\Auto Traffic\Auto Traffic\x64\Debug\link.3724-rc.read.1.tlog
C:\Users\Isuru Prabath\Desktop\Auto Traffic\Auto Traffic\x64\Debug\link.3724-rc.write.1.tlog
C:\Users\Isuru Prabath\Desktop\Auto Traffic\Auto Traffic\x64\Debug\link.3724.read.1.tlog
C:\Users\Isuru Prabath\Desktop\Auto Traffic\Auto Traffic\x64\Debug\link.3724.write.1.tlog
C:\Users\Isuru Prabath\Desktop\Auto Traffic\Auto Traffic\x64\Debug\link.3936-cvtres.read.1.tlog
C:\Users\Isuru Prabath\Desktop\Auto Traffic\Auto Traffic\x64\Debug\link.3936-cvtres.write.1.tlog
C:\Users\Isuru Prabath\Desktop\Auto Traffic\Auto Traffic\x64\Debug\link.3936-rc.read.1.tlog
C:\Users\Isuru Prabath\Desktop\Auto Traffic\Auto Traffic\x64\Debug\link.3936-rc.write.1.tlog
C:\Users\Isuru Prabath\Desktop\Auto Traffic\Auto Traffic\x64\Debug\link.3936.read.1.tlog
C:\Users\Isuru Prabath\Desktop\Auto Traffic\Auto Traffic\x64\Debug\link.3936.write.1.tlog
C:\Users\Isuru Prabath\Desktop\Auto Traffic\Auto Traffic\x64\Debug\link.400-cvtres.read.1.tlog
C:\Users\Isuru Prabath\Desktop\Auto Traffic\Auto Traffic\x64\Debug\link.400-cvtres.write.1.tlog
C:\Users\Isuru Prabath\Desktop\Auto Traffic\Auto Traffic\x64\Debug\link.400-rc.read.1.tlog
C:\Users\Isuru Prabath\Desktop\Auto Traffic\Auto Traffic\x64\Debug\link.400-rc.write.1.tlog
C:\Users\Isuru Prabath\Desktop\Auto Traffic\Auto Traffic\x64\Debug\link.400.read.1.tlog
C:\Users\Isuru Prabath\Desktop\Auto Traffic\Auto Traffic\x64\Debug\link.400.write.1.tlog
C:\Users\Isuru Prabath\Desktop\Auto Traffic\Auto Traffic\x64\Debug\link.4408-cvtres.read.1.tlog
C:\Users\Isuru Prabath\Desktop\Auto Traffic\Auto Traffic\x64\Debug\link.4408-cvtres.write.1.tlog
C:\Users\Isuru Prabath\Desktop\Auto Traffic\Auto Traffic\x64\Debug\link.4408-rc.read.1.tlog
C:\Users\Isuru Prabath\Desktop\Auto Traffic\Auto Traffic\x64\Debug\link.4408-rc.write.1.tlog
C:\Users\Isuru Prabath\Desktop\Auto Traffic\Auto Traffic\x64\Debug\link.4408.read.1.tlog
C:\Users\Isuru Prabath\Desktop\Auto Traffic\Auto Traffic\x64\Debug\link.4408.write.1.tlog
C:\Users\Isuru Prabath\Desktop\Auto Traffic\Auto Traffic\x64\Debug\link.4428-cvtres.read.1.tlog
C:\Users\Isuru Prabath\Desktop\Auto Traffic\Auto Traffic\x64\Debug\link.4428-cvtres.write.1.tlog
C:\Users\Isuru Prabath\Desktop\Auto Traffic\Auto Traffic\x64\Debug\link.4428-rc.read.1.tlog
C:\Users\Isuru Prabath\Desktop\Auto Traffic\Auto Traffic\x64\Debug\link.4428-rc.write.1.tlog
C:\Users\Isuru Prabath\Desktop\Auto Traffic\Auto Traffic\x64\Debug\link.4428.read.1.tlog
C:\Users\Isuru Prabath\Desktop\Auto Traffic\Auto Traffic\x64\Debug\link.4428.write.1.tlog
C:\Users\Isuru Prabath\Desktop\Auto Traffic\Auto Traffic\x64\Debug\link.4464-cvtres.read.1.tlog
C:\Users\Isuru Prabath\Desktop\Auto Traffic\Auto Traffic\x64\Debug\link.4464-cvtres.write.1.tlog
C:\Users\Isuru Prabath\Desktop\Auto Traffic\Auto Traffic\x64\Debug\link.4464-rc.read.1.tlog
C:\Users\Isuru Prabath\Desktop\Auto Traffic\Auto Traffic\x64\Debug\link.4464-rc.write.1.tlog
C:\Users\Isuru Prabath\Desktop\Auto Traffic\Auto Traffic\x64\Debug\link.4464.read.1.tlog
C:\Users\Isuru Prabath\Desktop\Auto Traffic\Auto Traffic\x64\Debug\link.4464.write.1.tlog
C:\Users\Isuru Prabath\Desktop\Auto Traffic\Auto Traffic\x64\Debug\link.5028-cvtres.read.1.tlog
C:\Users\Isuru Prabath\Desktop\Auto Traffic\Auto Traffic\x64\Debug\link.5028-cvtres.write.1.tlog
C:\Users\Isuru Prabath\Desktop\Auto Traffic\Auto Traffic\x64\Debug\link.5028-rc.read.1.tlog
C:\Users\Isuru Prabath\Desktop\Auto Traffic\Auto Traffic\x64\Debug\link.5028-rc.write.1.tlog
C:\Users\Isuru Prabath\Desktop\Auto Traffic\Auto Traffic\x64\Debug\link.5028.read.1.tlog
C:\Users\Isuru Prabath\Desktop\Auto Traffic\Auto Traffic\x64\Debug\link.5028.write.1.tlog
C:\Users\Isuru Prabath\Desktop\Auto Traffic\Auto Traffic\x64\Debug\link.5068-cvtres.read.1.tlog
C:\Users\Isuru Prabath\Desktop\Auto Traffic\Auto Traffic\x64\Debug\link.5068-cvtres.write.1.tlog
C:\Users\Isuru Prabath\Desktop\Auto Traffic\Auto Traffic\x64\Debug\link.5068-rc.read.1.tlog
C:\Users\Isuru Prabath\Desktop\Auto Traffic\Auto Traffic\x64\Debug\link.5068-rc.write.1.tlog
C:\Users\Isuru Prabath\Desktop\Auto Traffic\Auto Traffic\x64\Debug\link.5068.read.1.tlog
C:\Users\Isuru Prabath\Desktop\Auto Traffic\Auto Traffic\x64\Debug\link.5068.write.1.tlog
C:\Users\Isuru Prabath\Desktop\Auto Traffic\Auto Traffic\x64\Debug\link.5124-cvtres.read.1.tlog
C:\Users\Isuru Prabath\Desktop\Auto Traffic\Auto Traffic\x64\Debug\link.5124-cvtres.write.1.tlog
C:\Users\Isuru Prabath\Desktop\Auto Traffic\Auto Traffic\x64\Debug\link.5124-rc.read.1.tlog
C:\Users\Isuru Prabath\Desktop\Auto Traffic\Auto Traffic\x64\Debug\link.5124-rc.write.1.tlog
C:\Users\Isuru Prabath\Desktop\Auto Traffic\Auto Traffic\x64\Debug\link.5124.read.1.tlog
C:\Users\Isuru Prabath\Desktop\Auto Traffic\Auto Traffic\x64\Debug\link.5124.write.1.tlog
C:\Users\Isuru Prabath\Desktop\Auto Traffic\Auto Traffic\x64\Debug\link.5252-cvtres.read.1.tlog
C:\Users\Isuru Prabath\Desktop\Auto Traffic\Auto Traffic\x64\Debug\link.5252-cvtres.write.1.tlog
C:\Users\Isuru Prabath\Desktop\Auto Traffic\Auto Traffic\x64\Debug\link.5252-rc.read.1.tlog
C:\Users\Isuru Prabath\Desktop\Auto Traffic\Auto Traffic\x64\Debug\link.5252-rc.write.1.tlog
C:\Users\Isuru Prabath\Desktop\Auto Traffic\Auto Traffic\x64\Debug\link.5252.read.1.tlog
C:\Users\Isuru Prabath\Desktop\Auto Traffic\Auto Traffic\x64\Debug\link.5252.write.1.tlog
C:\Users\Isuru Prabath\Desktop\Auto Traffic\Auto Traffic\x64\Debug\link.5260-cvtres.read.1.tlog
C:\Users\Isuru Prabath\Desktop\Auto Traffic\Auto Traffic\x64\Debug\link.5260-cvtres.write.1.tlog
C:\Users\Isuru Prabath\Desktop\Auto Traffic\Auto Traffic\x64\Debug\link.5260-rc.read.1.tlog
C:\Users\Isuru Prabath\Desktop\Auto Traffic\Auto Traffic\x64\Debug\link.5260-rc.write.1.tlog
C:\Users\Isuru Prabath\Desktop\Auto Traffic\Auto Traffic\x64\Debug\link.5260.read.1.tlog
C:\Users\Isuru Prabath\Desktop\Auto Traffic\Auto Traffic\x64\Debug\link.5260.write.1.tlog
C:\Users\Isuru Prabath\Desktop\Auto Traffic\Auto Traffic\x64\Debug\link.5264-cvtres.read.1.tlog
C:\Users\Isuru Prabath\Desktop\Auto Traffic\Auto Traffic\x64\Debug\link.5264-cvtres.write.1.tlog
C:\Users\Isuru Prabath\Desktop\Auto Traffic\Auto Traffic\x64\Debug\link.5264-rc.read.1.tlog
C:\Users\Isuru Prabath\Desktop\Auto Traffic\Auto Traffic\x64\Debug\link.5264-rc.write.1.tlog
C:\Users\Isuru Prabath\Desktop\Auto Traffic\Auto Traffic\x64\Debug\link.5264.read.1.tlog
C:\Users\Isuru Prabath\Desktop\Auto Traffic\Auto Traffic\x64\Debug\link.5264.write.1.tlog
C:\Users\Isuru Prabath\Desktop\Auto Traffic\Auto Traffic\x64\Debug\link.5284-cvtres.read.1.tlog
C:\Users\Isuru Prabath\Desktop\Auto Traffic\Auto Traffic\x64\Debug\link.5284-cvtres.write.1.tlog
C:\Users\Isuru Prabath\Desktop\Auto Traffic\Auto Traffic\x64\Debug\link.5284-rc.read.1.tlog
C:\Users\Isuru Prabath\Desktop\Auto Traffic\Auto Traffic\x64\Debug\link.5284-rc.write.1.tlog
C:\Users\Isuru Prabath\Desktop\Auto Traffic\Auto Traffic\x64\Debug\link.5284.read.1.tlog
C:\Users\Isuru Prabath\Desktop\Auto Traffic\Auto Traffic\x64\Debug\link.5284.write.1.tlog
C:\Users\Isuru Prabath\Desktop\Auto Traffic\Auto Traffic\x64\Debug\link.5388-cvtres.read.1.tlog
C:\Users\Isuru Prabath\Desktop\Auto Traffic\Auto Traffic\x64\Debug\link.5388-cvtres.write.1.tlog
C:\Users\Isuru Prabath\Desktop\Auto Traffic\Auto Traffic\x64\Debug\link.5388-rc.read.1.tlog
C:\Users\Isuru Prabath\Desktop\Auto Traffic\Auto Traffic\x64\Debug\link.5388-rc.write.1.tlog
C:\Users\Isuru Prabath\Desktop\Auto Traffic\Auto Traffic\x64\Debug\link.5388.read.1.tlog
C:\Users\Isuru Prabath\Desktop\Auto Traffic\Auto Traffic\x64\Debug\link.5388.write.1.tlog
C:\Users\Isuru Prabath\Desktop\Auto Traffic\Auto Traffic\x64\Debug\link.5532-cvtres.read.1.tlog
C:\Users\Isuru Prabath\Desktop\Auto Traffic\Auto Traffic\x64\Debug\link.5532-cvtres.write.1.tlog
C:\Users\Isuru Prabath\Desktop\Auto Traffic\Auto Traffic\x64\Debug\link.5532-rc.read.1.tlog
C:\Users\Isuru Prabath\Desktop\Auto Traffic\Auto Traffic\x64\Debug\link.5532-rc.write.1.tlog
C:\Users\Isuru Prabath\Desktop\Auto Traffic\Auto Traffic\x64\Debug\link.5532.read.1.tlog
C:\Users\Isuru Prabath\Desktop\Auto Traffic\Auto Traffic\x64\Debug\link.5532.write.1.tlog
C:\Users\Isuru Prabath\Desktop\Auto Traffic\Auto Traffic\x64\Debug\link.5540-cvtres.read.1.tlog
C:\Users\Isuru Prabath\Desktop\Auto Traffic\Auto Traffic\x64\Debug\link.5540-cvtres.write.1.tlog
C:\Users\Isuru Prabath\Desktop\Auto Traffic\Auto Traffic\x64\Debug\link.5540-rc.read.1.tlog
C:\Users\Isuru Prabath\Desktop\Auto Traffic\Auto Traffic\x64\Debug\link.5540-rc.write.1.tlog
C:\Users\Isuru Prabath\Desktop\Auto Traffic\Auto Traffic\x64\Debug\link.5540.read.1.tlog
C:\Users\Isuru Prabath\Desktop\Auto Traffic\Auto Traffic\x64\Debug\link.5540.write.1.tlog
C:\Users\Isuru Prabath\Desktop\Auto Traffic\Auto Traffic\x64\Debug\link.5556-cvtres.read.1.tlog
C:\Users\Isuru Prabath\Desktop\Auto Traffic\Auto Traffic\x64\Debug\link.5556-cvtres.write.1.tlog
C:\Users\Isuru Prabath\Desktop\Auto Traffic\Auto Traffic\x64\Debug\link.5556-rc.read.1.tlog
C:\Users\Isuru Prabath\Desktop\Auto Traffic\Auto Traffic\x64\Debug\link.5556-rc.write.1.tlog
C:\Users\Isuru Prabath\Desktop\Auto Traffic\Auto Traffic\x64\Debug\link.5556.read.1.tlog
C:\Users\Isuru Prabath\Desktop\Auto Traffic\Auto Traffic\x64\Debug\link.5556.write.1.tlog
C:\Users\Isuru Prabath\Desktop\Auto Traffic\Auto Traffic\x64\Debug\link.556-cvtres.read.1.tlog
C:\Users\Isuru Prabath\Desktop\Auto Traffic\Auto Traffic\x64\Debug\link.556-cvtres.write.1.tlog
C:\Users\Isuru Prabath\Desktop\Auto Traffic\Auto Traffic\x64\Debug\link.556-rc.read.1.tlog
C:\Users\Isuru Prabath\Desktop\Auto Traffic\Auto Traffic\x64\Debug\link.556-rc.write.1.tlog
C:\Users\Isuru Prabath\Desktop\Auto Traffic\Auto Traffic\x64\Debug\link.556.read.1.tlog
C:\Users\Isuru Prabath\Desktop\Auto Traffic\Auto Traffic\x64\Debug\link.556.write.1.tlog
C:\Users\Isuru Prabath\Desktop\Auto Traffic\Auto Traffic\x64\Debug\link.5628-cvtres.read.1.tlog
C:\Users\Isuru Prabath\Desktop\Auto Traffic\Auto Traffic\x64\Debug\link.5628-cvtres.write.1.tlog
C:\Users\Isuru Prabath\Desktop\Auto Traffic\Auto Traffic\x64\Debug\link.5628-rc.read.1.tlog
C:\Users\Isuru Prabath\Desktop\Auto Traffic\Auto Traffic\x64\Debug\link.5628-rc.write.1.tlog
C:\Users\Isuru Prabath\Desktop\Auto Traffic\Auto Traffic\x64\Debug\link.5628.read.1.tlog
C:\Users\Isuru Prabath\Desktop\Auto Traffic\Auto Traffic\x64\Debug\link.5628.write.1.tlog
C:\Users\Isuru Prabath\Desktop\Auto Traffic\Auto Traffic\x64\Debug\link.5728-cvtres.read.1.tlog
C:\Users\Isuru Prabath\Desktop\Auto Traffic\Auto Traffic\x64\Debug\link.5728-cvtres.write.1.tlog
C:\Users\Isuru Prabath\Desktop\Auto Traffic\Auto Traffic\x64\Debug\link.5728-rc.read.1.tlog
C:\Users\Isuru Prabath\Desktop\Auto Traffic\Auto Traffic\x64\Debug\link.5728-rc.write.1.tlog
C:\Users\Isuru Prabath\Desktop\Auto Traffic\Auto Traffic\x64\Debug\link.5728.read.1.tlog
C:\Users\Isuru Prabath\Desktop\Auto Traffic\Auto Traffic\x64\Debug\link.5728.write.1.tlog
C:\Users\Isuru Prabath\Desktop\Auto Traffic\Auto Traffic\x64\Debug\link.5796-cvtres.read.1.tlog
C:\Users\Isuru Prabath\Desktop\Auto Traffic\Auto Traffic\x64\Debug\link.5796-cvtres.write.1.tlog
C:\Users\Isuru Prabath\Desktop\Auto Traffic\Auto Traffic\x64\Debug\link.5796-rc.read.1.tlog
C:\Users\Isuru Prabath\Desktop\Auto Traffic\Auto Traffic\x64\Debug\link.5796-rc.write.1.tlog
C:\Users\Isuru Prabath\Desktop\Auto Traffic\Auto Traffic\x64\Debug\link.5796.read.1.tlog
C:\Users\Isuru Prabath\Desktop\Auto Traffic\Auto Traffic\x64\Debug\link.5796.write.1.tlog
C:\Users\Isuru Prabath\Desktop\Auto Traffic\Auto Traffic\x64\Debug\link.5884-cvtres.read.1.tlog
C:\Users\Isuru Prabath\Desktop\Auto Traffic\Auto Traffic\x64\Debug\link.5884-cvtres.write.1.tlog
C:\Users\Isuru Prabath\Desktop\Auto Traffic\Auto Traffic\x64\Debug\link.5884-rc.read.1.tlog
C:\Users\Isuru Prabath\Desktop\Auto Traffic\Auto Traffic\x64\Debug\link.5884-rc.write.1.tlog
C:\Users\Isuru Prabath\Desktop\Auto Traffic\Auto Traffic\x64\Debug\link.5884.read.1.tlog
C:\Users\Isuru Prabath\Desktop\Auto Traffic\Auto Traffic\x64\Debug\link.5884.write.1.tlog
C:\Users\Isuru Prabath\Desktop\Auto Traffic\Auto Traffic\x64\Debug\link.5996-cvtres.read.1.tlog
C:\Users\Isuru Prabath\Desktop\Auto Traffic\Auto Traffic\x64\Debug\link.5996-cvtres.write.1.tlog
C:\Users\Isuru Prabath\Desktop\Auto Traffic\Auto Traffic\x64\Debug\link.5996-rc.read.1.tlog
C:\Users\Isuru Prabath\Desktop\Auto Traffic\Auto Traffic\x64\Debug\link.5996-rc.write.1.tlog
C:\Users\Isuru Prabath\Desktop\Auto Traffic\Auto Traffic\x64\Debug\link.5996.read.1.tlog
C:\Users\Isuru Prabath\Desktop\Auto Traffic\Auto Traffic\x64\Debug\link.5996.write.1.tlog
C:\Users\Isuru Prabath\Desktop\Auto Traffic\Auto Traffic\x64\Debug\link.6016-cvtres.read.1.tlog
C:\Users\Isuru Prabath\Desktop\Auto Traffic\Auto Traffic\x64\Debug\link.6016-cvtres.write.1.tlog
C:\Users\Isuru Prabath\Desktop\Auto Traffic\Auto Traffic\x64\Debug\link.6016-rc.read.1.tlog
C:\Users\Isuru Prabath\Desktop\Auto Traffic\Auto Traffic\x64\Debug\link.6016-rc.write.1.tlog
C:\Users\Isuru Prabath\Desktop\Auto Traffic\Auto Traffic\x64\Debug\link.6016.read.1.tlog
C:\Users\Isuru Prabath\Desktop\Auto Traffic\Auto Traffic\x64\Debug\link.6016.write.1.tlog
C:\Users\Isuru Prabath\Desktop\Auto Traffic\Auto Traffic\x64\Debug\link.6052-cvtres.read.1.tlog
C:\Users\Isuru Prabath\Desktop\Auto Traffic\Auto Traffic\x64\Debug\link.6052-cvtres.write.1.tlog
C:\Users\Isuru Prabath\Desktop\Auto Traffic\Auto Traffic\x64\Debug\link.6052-rc.read.1.tlog
C:\Users\Isuru Prabath\Desktop\Auto Traffic\Auto Traffic\x64\Debug\link.6052-rc.write.1.tlog
C:\Users\Isuru Prabath\Desktop\Auto Traffic\Auto Traffic\x64\Debug\link.6052.read.1.tlog
C:\Users\Isuru Prabath\Desktop\Auto Traffic\Auto Traffic\x64\Debug\link.6052.write.1.tlog
C:\Users\Isuru Prabath\Desktop\Auto Traffic\Auto Traffic\x64\Debug\link.6088-cvtres.read.1.tlog
C:\Users\Isuru Prabath\Desktop\Auto Traffic\Auto Traffic\x64\Debug\link.6088-cvtres.write.1.tlog
C:\Users\Isuru Prabath\Desktop\Auto Traffic\Auto Traffic\x64\Debug\link.6088-rc.read.1.tlog
C:\Users\Isuru Prabath\Desktop\Auto Traffic\Auto Traffic\x64\Debug\link.6088-rc.write.1.tlog
C:\Users\Isuru Prabath\Desktop\Auto Traffic\Auto Traffic\x64\Debug\link.6088.read.1.tlog
C:\Users\Isuru Prabath\Desktop\Auto Traffic\Auto Traffic\x64\Debug\link.6088.write.1.tlog
C:\Users\Isuru Prabath\Desktop\Auto Traffic\Auto Traffic\x64\Debug\link.6120-cvtres.read.1.tlog
C:\Users\Isuru Prabath\Desktop\Auto Traffic\Auto Traffic\x64\Debug\link.6120-cvtres.write.1.tlog
C:\Users\Isuru Prabath\Desktop\Auto Traffic\Auto Traffic\x64\Debug\link.6120-rc.read.1.tlog
C:\Users\Isuru Prabath\Desktop\Auto Traffic\Auto Traffic\x64\Debug\link.6120-rc.write.1.tlog
C:\Users\Isuru Prabath\Desktop\Auto Traffic\Auto Traffic\x64\Debug\link.6120.read.1.tlog
C:\Users\Isuru Prabath\Desktop\Auto Traffic\Auto Traffic\x64\Debug\link.6120.write.1.tlog
C:\Users\Isuru Prabath\Desktop\Auto Traffic\Auto Traffic\x64\Debug\link.6380-cvtres.read.1.tlog
C:\Users\Isuru Prabath\Desktop\Auto Traffic\Auto Traffic\x64\Debug\link.6380-cvtres.write.1.tlog
C:\Users\Isuru Prabath\Desktop\Auto Traffic\Auto Traffic\x64\Debug\link.6380-rc.read.1.tlog
C:\Users\Isuru Prabath\Desktop\Auto Traffic\Auto Traffic\x64\Debug\link.6380-rc.write.1.tlog
C:\Users\Isuru Prabath\Desktop\Auto Traffic\Auto Traffic\x64\Debug\link.6380.read.1.tlog
C:\Users\Isuru Prabath\Desktop\Auto Traffic\Auto Traffic\x64\Debug\link.6380.write.1.tlog
C:\Users\Isuru Prabath\Desktop\Auto Traffic\Auto Traffic\x64\Debug\link.6420-cvtres.read.1.tlog
C:\Users\Isuru Prabath\Desktop\Auto Traffic\Auto Traffic\x64\Debug\link.6420-cvtres.write.1.tlog
C:\Users\Isuru Prabath\Desktop\Auto Traffic\Auto Traffic\x64\Debug\link.6420-rc.read.1.tlog
C:\Users\Isuru Prabath\Desktop\Auto Traffic\Auto Traffic\x64\Debug\link.6420-rc.write.1.tlog
C:\Users\Isuru Prabath\Desktop\Auto Traffic\Auto Traffic\x64\Debug\link.6420.read.1.tlog
C:\Users\Isuru Prabath\Desktop\Auto Traffic\Auto Traffic\x64\Debug\link.6420.write.1.tlog
C:\Users\Isuru Prabath\Desktop\Auto Traffic\Auto Traffic\x64\Debug\link.6460-cvtres.read.1.tlog
C:\Users\Isuru Prabath\Desktop\Auto Traffic\Auto Traffic\x64\Debug\link.6460-cvtres.write.1.tlog
C:\Users\Isuru Prabath\Desktop\Auto Traffic\Auto Traffic\x64\Debug\link.6460-rc.read.1.tlog
C:\Users\Isuru Prabath\Desktop\Auto Traffic\Auto Traffic\x64\Debug\link.6460-rc.write.1.tlog
C:\Users\Isuru Prabath\Desktop\Auto Traffic\Auto Traffic\x64\Debug\link.6460.read.1.tlog
C:\Users\Isuru Prabath\Desktop\Auto Traffic\Auto Traffic\x64\Debug\link.6460.write.1.tlog
C:\Users\Isuru Prabath\Desktop\Auto Traffic\Auto Traffic\x64\Debug\link.6612-cvtres.read.1.tlog
C:\Users\Isuru Prabath\Desktop\Auto Traffic\Auto Traffic\x64\Debug\link.6612-cvtres.write.1.tlog
C:\Users\Isuru Prabath\Desktop\Auto Traffic\Auto Traffic\x64\Debug\link.6612-rc.read.1.tlog
C:\Users\Isuru Prabath\Desktop\Auto Traffic\Auto Traffic\x64\Debug\link.6612-rc.write.1.tlog
C:\Users\Isuru Prabath\Desktop\Auto Traffic\Auto Traffic\x64\Debug\link.6612.read.1.tlog
C:\Users\Isuru Prabath\Desktop\Auto Traffic\Auto Traffic\x64\Debug\link.6612.write.1.tlog
C:\Users\Isuru Prabath\Desktop\Auto Traffic\Auto Traffic\x64\Debug\link.6744-cvtres.read.1.tlog
C:\Users\Isuru Prabath\Desktop\Auto Traffic\Auto Traffic\x64\Debug\link.6744-cvtres.write.1.tlog
C:\Users\Isuru Prabath\Desktop\Auto Traffic\Auto Traffic\x64\Debug\link.6744-rc.read.1.tlog
C:\Users\Isuru Prabath\Desktop\Auto Traffic\Auto Traffic\x64\Debug\link.6744-rc.write.1.tlog
C:\Users\Isuru Prabath\Desktop\Auto Traffic\Auto Traffic\x64\Debug\link.6744.read.1.tlog
C:\Users\Isuru Prabath\Desktop\Auto Traffic\Auto Traffic\x64\Debug\link.6744.write.1.tlog
C:\Users\Isuru Prabath\Desktop\Auto Traffic\Auto Traffic\x64\Debug\link.6888-cvtres.read.1.tlog
C:\Users\Isuru Prabath\Desktop\Auto Traffic\Auto Traffic\x64\Debug\link.6888-cvtres.write.1.tlog
C:\Users\Isuru Prabath\Desktop\Auto Traffic\Auto Traffic\x64\Debug\link.6888-rc.read.1.tlog
C:\Users\Isuru Prabath\Desktop\Auto Traffic\Auto Traffic\x64\Debug\link.6888-rc.write.1.tlog
C:\Users\Isuru Prabath\Desktop\Auto Traffic\Auto Traffic\x64\Debug\link.6888.read.1.tlog
C:\Users\Isuru Prabath\Desktop\Auto Traffic\Auto Traffic\x64\Debug\link.6888.write.1.tlog
C:\Users\Isuru Prabath\Desktop\Auto Traffic\Auto Traffic\x64\Debug\link.7452-cvtres.read.1.tlog
C:\Users\Isuru Prabath\Desktop\Auto Traffic\Auto Traffic\x64\Debug\link.7452-cvtres.write.1.tlog
C:\Users\Isuru Prabath\Desktop\Auto Traffic\Auto Traffic\x64\Debug\link.7452-rc.read.1.tlog
C:\Users\Isuru Prabath\Desktop\Auto Traffic\Auto Traffic\x64\Debug\link.7452-rc.write.1.tlog
C:\Users\Isuru Prabath\Desktop\Auto Traffic\Auto Traffic\x64\Debug\link.7452.read.1.tlog
C:\Users\Isuru Prabath\Desktop\Auto Traffic\Auto Traffic\x64\Debug\link.7452.write.1.tlog
C:\Users\Isuru Prabath\Desktop\Auto Traffic\Auto Traffic\x64\Debug\link.7460-cvtres.read.1.tlog
C:\Users\Isuru Prabath\Desktop\Auto Traffic\Auto Traffic\x64\Debug\link.7460-cvtres.write.1.tlog
C:\Users\Isuru Prabath\Desktop\Auto Traffic\Auto Traffic\x64\Debug\link.7460-rc.read.1.tlog
C:\Users\Isuru Prabath\Desktop\Auto Traffic\Auto Traffic\x64\Debug\link.7460-rc.write.1.tlog
C:\Users\Isuru Prabath\Desktop\Auto Traffic\Auto Traffic\x64\Debug\link.7460.read.1.tlog
C:\Users\Isuru Prabath\Desktop\Auto Traffic\Auto Traffic\x64\Debug\link.7460.write.1.tlog
C:\Users\Isuru Prabath\Desktop\Auto Traffic\Auto Traffic\x64\Debug\link.780-cvtres.read.1.tlog
C:\Users\Isuru Prabath\Desktop\Auto Traffic\Auto Traffic\x64\Debug\link.780-cvtres.write.1.tlog
C:\Users\Isuru Prabath\Desktop\Auto Traffic\Auto Traffic\x64\Debug\link.780-rc.read.1.tlog
C:\Users\Isuru Prabath\Desktop\Auto Traffic\Auto Traffic\x64\Debug\link.780-rc.write.1.tlog
C:\Users\Isuru Prabath\Desktop\Auto Traffic\Auto Traffic\x64\Debug\link.780.read.1.tlog
C:\Users\Isuru Prabath\Desktop\Auto Traffic\Auto Traffic\x64\Debug\link.780.write.1.tlog
C:\Users\Isuru Prabath\Desktop\Auto Traffic\Auto Traffic\x64\Debug\link.8068-cvtres.read.1.tlog
C:\Users\Isuru Prabath\Desktop\Auto Traffic\Auto Traffic\x64\Debug\link.8068-cvtres.write.1.tlog
C:\Users\Isuru Prabath\Desktop\Auto Traffic\Auto Traffic\x64\Debug\link.8068-rc.read.1.tlog
C:\Users\Isuru Prabath\Desktop\Auto Traffic\Auto Traffic\x64\Debug\link.8068-rc.write.1.tlog
C:\Users\Isuru Prabath\Desktop\Auto Traffic\Auto Traffic\x64\Debug\link.8068.read.1.tlog
C:\Users\Isuru Prabath\Desktop\Auto Traffic\Auto Traffic\x64\Debug\link.8068.write.1.tlog
C:\Users\Isuru Prabath\Desktop\Auto Traffic\Auto Traffic\x64\Debug\link.812-cvtres.read.1.tlog
C:\Users\Isuru Prabath\Desktop\Auto Traffic\Auto Traffic\x64\Debug\link.812-cvtres.write.1.tlog
C:\Users\Isuru Prabath\Desktop\Auto Traffic\Auto Traffic\x64\Debug\link.812-rc.read.1.tlog
C:\Users\Isuru Prabath\Desktop\Auto Traffic\Auto Traffic\x64\Debug\link.812-rc.write.1.tlog
C:\Users\Isuru Prabath\Desktop\Auto Traffic\Auto Traffic\x64\Debug\link.812.read.1.tlog
C:\Users\Isuru Prabath\Desktop\Auto Traffic\Auto Traffic\x64\Debug\link.812.write.1.tlog
C:\Users\Isuru Prabath\Desktop\Auto Traffic\Auto Traffic\x64\Debug\link.8144-cvtres.read.1.tlog
C:\Users\Isuru Prabath\Desktop\Auto Traffic\Auto Traffic\x64\Debug\link.8144-cvtres.write.1.tlog
C:\Users\Isuru Prabath\Desktop\Auto Traffic\Auto Traffic\x64\Debug\link.8144-rc.read.1.tlog
C:\Users\Isuru Prabath\Desktop\Auto Traffic\Auto Traffic\x64\Debug\link.8144-rc.write.1.tlog
C:\Users\Isuru Prabath\Desktop\Auto Traffic\Auto Traffic\x64\Debug\link.8144.read.1.tlog
C:\Users\Isuru Prabath\Desktop\Auto Traffic\Auto Traffic\x64\Debug\link.8144.write.1.tlog
C:\Users\Isuru Prabath\Desktop\Auto Traffic\Auto Traffic\x64\Debug\link.8684-cvtres.read.1.tlog
C:\Users\Isuru Prabath\Desktop\Auto Traffic\Auto Traffic\x64\Debug\link.8684-cvtres.write.1.tlog
C:\Users\Isuru Prabath\Desktop\Auto Traffic\Auto Traffic\x64\Debug\link.8684-rc.read.1.tlog
C:\Users\Isuru Prabath\Desktop\Auto Traffic\Auto Traffic\x64\Debug\link.8684-rc.write.1.tlog
C:\Users\Isuru Prabath\Desktop\Auto Traffic\Auto Traffic\x64\Debug\link.8684.read.1.tlog
C:\Users\Isuru Prabath\Desktop\Auto Traffic\Auto Traffic\x64\Debug\link.8684.write.1.tlog
C:\Users\Isuru Prabath\Desktop\Auto Traffic\Auto Traffic\x64\Debug\link.924-cvtres.read.1.tlog
C:\Users\Isuru Prabath\Desktop\Auto Traffic\Auto Traffic\x64\Debug\link.924-cvtres.write.1.tlog
C:\Users\Isuru Prabath\Desktop\Auto Traffic\Auto Traffic\x64\Debug\link.924-rc.read.1.tlog
C:\Users\Isuru Prabath\Desktop\Auto Traffic\Auto Traffic\x64\Debug\link.924-rc.write.1.tlog
C:\Users\Isuru Prabath\Desktop\Auto Traffic\Auto Traffic\x64\Debug\link.924.read.1.tlog
C:\Users\Isuru Prabath\Desktop\Auto Traffic\Auto Traffic\x64\Debug\link.924.write.1.tlog
C:\Users\Isuru Prabath\Desktop\Auto Traffic\Auto Traffic\x64\Debug\link.956-cvtres.read.1.tlog
C:\Users\Isuru Prabath\Desktop\Auto Traffic\Auto Traffic\x64\Debug\link.956-cvtres.write.1.tlog
C:\Users\Isuru Prabath\Desktop\Auto Traffic\Auto Traffic\x64\Debug\link.956-rc.read.1.tlog
C:\Users\Isuru Prabath\Desktop\Auto Traffic\Auto Traffic\x64\Debug\link.956-rc.write.1.tlog
C:\Users\Isuru Prabath\Desktop\Auto Traffic\Auto Traffic\x64\Debug\link.956.read.1.tlog
C:\Users\Isuru Prabath\Desktop\Auto Traffic\Auto Traffic\x64\Debug\link.956.write.1.tlog
C:\Users\Isuru Prabath\Desktop\Auto Traffic\Auto Traffic\x64\Debug\link.976-cvtres.read.1.tlog
C:\Users\Isuru Prabath\Desktop\Auto Traffic\Auto Traffic\x64\Debug\link.976-cvtres.write.1.tlog
C:\Users\Isuru Prabath\Desktop\Auto Traffic\Auto Traffic\x64\Debug\link.976-rc.read.1.tlog
C:\Users\Isuru Prabath\Desktop\Auto Traffic\Auto Traffic\x64\Debug\link.976-rc.write.1.tlog
C:\Users\Isuru Prabath\Desktop\Auto Traffic\Auto Traffic\x64\Debug\link.976.read.1.tlog
C:\Users\Isuru Prabath\Desktop\Auto Traffic\Auto Traffic\x64\Debug\link.976.write.1.tlog
C:\Users\Isuru Prabath\Desktop\Auto Traffic\Auto Traffic\x64\Debug\link.command.1.tlog
C:\Users\Isuru Prabath\Desktop\Auto Traffic\Auto Traffic\x64\Debug\link.read.1.tlog
C:\Users\Isuru Prabath\Desktop\Auto Traffic\Auto Traffic\x64\Debug\link.write.1.tlog
C:\Users\Isuru Prabath\Desktop\Auto Traffic\Auto Traffic\x64\Debug\metagen.read.1.tlog
C:\Users\Isuru Prabath\Desktop\Auto Traffic\Auto Traffic\x64\Debug\metagen.write.1.tlog
C:\Users\Isuru Prabath\Desktop\Auto Traffic\Auto Traffic\x64\Debug\vc110.pdb
C:\Users\Isuru Prabath\Desktop\Auto Traffic\Auto Traffic\x64\Debug\TZRES.DLL.bi
C:\Users\Isuru Prabath\Desktop\Auto Traffic\x64\Debug\Auto Traffic.pdb
C:\Users\Isuru Prabath\Desktop\Auto Traffic\x64\Debug\Auto Traffic.exe
C:\Users\Isuru Prabath\Desktop\Auto Traffic\x64\Debug\Auto Traffic.ilk
